<?xml version="1.0" encoding="UTF-8"?>
<testsuite name="AnswerTest" tests="11" skipped="0" failures="0" errors="0" timestamp="2025-12-22T18:52:54" hostname="DESKTOP-NOPFBTG" time="0.071">
  <properties/>
  <testcase name="testInitializeFreeNumber()" classname="AnswerTest" time="0.019"/>
  <testcase name="testGetArray()" classname="AnswerTest" time="0.014"/>
  <testcase name="testSetAnswerWithNulls()" classname="AnswerTest" time="0.002"/>
  <testcase name="testInitializeEmptyQuestions()" classname="AnswerTest" time="0.001"/>
  <testcase name="testSetAnswerNull()" classname="AnswerTest" time="0.012"/>
  <testcase name="testInitializeSingleChoiceUnordered()" classname="AnswerTest" time="0.002"/>
  <testcase name="testInitializeFreeText()" classname="AnswerTest" time="0.002"/>
  <testcase name="testSetAnswerEmpty()" classname="AnswerTest" time="0.001"/>
  <testcase name="testInitializeSingleChoiceOrdered()" classname="AnswerTest" time="0.003"/>
  <testcase name="testSetAnswer()" classname="AnswerTest" time="0.001"/>
  <testcase name="testConstructor()" classname="AnswerTest" time="0.002"/>
  <system-out><![CDATA[
1: How old are you?
Write your answer (number): 
1: Choose:
Options:
  Option A
  Option B
Select an option (write the exact text): 
1: What is your opinion?
Write your answer (text): 
1: Choose:
Options:
  0: Option A
  1: Option B
Select an option (write index): ]]></system-out>
  <system-err><![CDATA[]]></system-err>
</testsuite>
