<?xml version="1.0" encoding="UTF-8"?>
<testsuite name="CtrlDominiHeadlessTest" tests="2" skipped="0" failures="0" errors="0" timestamp="2025-12-22T18:52:55" hostname="DESKTOP-NOPFBTG" time="0.045">
  <properties/>
  <testcase name="testSurveyCreationSetsCurrent()" classname="CtrlDominiHeadlessTest" time="0.012"/>
  <testcase name="testAddQuestionsToCurrentSurvey()" classname="CtrlDominiHeadlessTest" time="0.031"/>
  <system-out><![CDATA[]]></system-out>
  <system-err><![CDATA[]]></system-err>
</testsuite>
