<?xml version="1.0" encoding="UTF-8"?>
<testsuite name="CtrlDominiResponseAnalysisTest" tests="2" skipped="0" failures="0" errors="0" timestamp="2025-12-22T18:52:55" hostname="DESKTOP-NOPFBTG" time="4.085">
  <properties/>
  <testcase name="testLoanTrainUsesK2AndProducesResult()" classname="CtrlDominiResponseAnalysisTest" time="4.079"/>
  <testcase name="testInvalidPathReturnsError()" classname="CtrlDominiResponseAnalysisTest" time="0.005"/>
  <system-out><![CDATA[
Analyzing your answers...
Error reading the file: data/respostes/this-file-does-not-exist.csv (No such file or directory)
]]></system-out>
  <system-err><![CDATA[]]></system-err>
</testsuite>
