<?xml version="1.0" encoding="UTF-8"?>
<testsuite name="ReadSurveyTest" tests="4" skipped="0" failures="0" errors="0" timestamp="2025-12-22T18:53:27" hostname="DESKTOP-NOPFBTG" time="0.025">
  <properties/>
  <testcase name="testCreateSurveyFromCSVDifferentTypes()" classname="ReadSurveyTest" time="0.02"/>
  <testcase name="testCreateSurveyFromCSVEmpty()" classname="ReadSurveyTest" time="0.001"/>
  <testcase name="testCreateSurveyFromCSVMalformed()" classname="ReadSurveyTest" time="0.002"/>
  <testcase name="testCreateSurveyFromCSV()" classname="ReadSurveyTest" time="0.001"/>
  <system-out><![CDATA[]]></system-out>
  <system-err><![CDATA[Warning: Line 2 has insufficient fields: invalid line
]]></system-err>
</testsuite>
