<?xml version="1.0" encoding="UTF-8"?>
<testsuite name="TestAccuracyTest" tests="4" skipped="0" failures="0" errors="0" timestamp="2025-12-22T18:53:27" hostname="DESKTOP-NOPFBTG" time="0.003">
  <properties/>
  <testcase name="testTestAccuracyIncorrectClusters()" classname="TestAccuracyTest" time="0.0"/>
  <testcase name="testTestAccuracyDifferentLengths()" classname="TestAccuracyTest" time="0.001"/>
  <testcase name="testTestAccuracy()" classname="TestAccuracyTest" time="0.0"/>
  <testcase name="testTestAccuracyEmptyLists()" classname="TestAccuracyTest" time="0.0"/>
  <system-out><![CDATA[]]></system-out>
  <system-err><![CDATA[]]></system-err>
</testsuite>
