<?xml version="1.0" encoding="UTF-8"?>
<testsuite name="LocalDateAdapterTest" tests="5" skipped="0" failures="0" errors="0" timestamp="2025-12-22T18:53:00" hostname="DESKTOP-NOPFBTG" time="0.024">
  <properties/>
  <testcase name="serializeFaServirFormatISO()" classname="LocalDateAdapterTest" time="0.001"/>
  <testcase name="deserializeISOConstrueixLocalDate()" classname="LocalDateAdapterTest" time="0.003"/>
  <testcase name="deserializeInvalidLlençaExcepcio()" classname="LocalDateAdapterTest" time="0.001"/>
  <testcase name="deserializeNullPermetNull()" classname="LocalDateAdapterTest" time="0.001"/>
  <testcase name="serializeNullRetornaJsonNull()" classname="LocalDateAdapterTest" time="0.014"/>
  <system-out><![CDATA[]]></system-out>
  <system-err><![CDATA[]]></system-err>
</testsuite>
