<?xml version="1.0" encoding="UTF-8"?>
<testsuite name="calculateDistanceTest" tests="34" skipped="0" failures="0" errors="0" timestamp="2025-12-22T18:53:27" hostname="DESKTOP-NOPFBTG" time="0.04">
  <properties/>
  <testcase name="testArraysDifferentLengths()" classname="calculateDistanceTest" time="0.001"/>
  <testcase name="testMultipleChoiceDifferentLenghtSets()" classname="calculateDistanceTest" time="0.0"/>
  <testcase name="testLargeValues()" classname="calculateDistanceTest" time="0.0"/>
  <testcase name="testMultipleChoiceInvalidInput()" classname="calculateDistanceTest" time="0.0"/>
  <testcase name="testFreeTextOneEmptyValue()" classname="calculateDistanceTest" time="0.0"/>
  <testcase name="testFreeTextDifferentValues()" classname="calculateDistanceTest" time="0.0"/>
  <testcase name="testNumericInput()" classname="calculateDistanceTest" time="0.0"/>
  <testcase name="testInvalidVariableType()" classname="calculateDistanceTest" time="0.001"/>
  <testcase name="testFreeTextEqualValues()" classname="calculateDistanceTest" time="0.001"/>
  <testcase name="testSingleChoiceOrdered()" classname="calculateDistanceTest" time="0.001"/>
  <testcase name="testNumericInputMultiple()" classname="calculateDistanceTest" time="0.001"/>
  <testcase name="testFreeTextBothEmptyValues()" classname="calculateDistanceTest" time="0.001"/>
  <testcase name="testMultipleChoiceEqualValues()" classname="calculateDistanceTest" time="0.0"/>
  <testcase name="testFreeTextCaseSensitive()" classname="calculateDistanceTest" time="0.0"/>
  <testcase name="testMultipleChoiceDifferentValues()" classname="calculateDistanceTest" time="0.0"/>
  <testcase name="testSingleChoiceUnorderedMultipleInputs()" classname="calculateDistanceTest" time="0.001"/>
  <testcase name="testSingleChoiceUnorderedDifferentValues()" classname="calculateDistanceTest" time="0.001"/>
  <testcase name="testSingleChoiceOrderedEqual()" classname="calculateDistanceTest" time="0.0"/>
  <testcase name="testSingleChoiceOrderedMultipleInputs()" classname="calculateDistanceTest" time="0.0"/>
  <testcase name="testSingleChoiceOrderedInvalidInput()" classname="calculateDistanceTest" time="0.001"/>
  <testcase name="testMultipleChoiceUnordered()" classname="calculateDistanceTest" time="0.001"/>
  <testcase name="testSingleChoiceOrderedWithLastIndex()" classname="calculateDistanceTest" time="0.001"/>
  <testcase name="testMultipleChoiceDuplicateValues()" classname="calculateDistanceTest" time="0.001"/>
  <testcase name="testSingleChoiceUnorderedEqualValues()" classname="calculateDistanceTest" time="0.001"/>
  <testcase name="testSingleChoiceOrderedIndexOutOfBounds()" classname="calculateDistanceTest" time="0.001"/>
  <testcase name="testMultipleChoiceEmptySet()" classname="calculateDistanceTest" time="0.001"/>
  <testcase name="testNullArrays()" classname="calculateDistanceTest" time="0.002"/>
  <testcase name="testNullElements()" classname="calculateDistanceTest" time="0.001"/>
  <testcase name="testSingleChoiceOrderedOnlyOneOption()" classname="calculateDistanceTest" time="0.001"/>
  <testcase name="testNegativeValue()" classname="calculateDistanceTest" time="0.001"/>
  <testcase name="testSameValue()" classname="calculateDistanceTest" time="0.001"/>
  <testcase name="testMultipleChoicePartiallyDifferentValues()" classname="calculateDistanceTest" time="0.0"/>
  <testcase name="testEqualMaxMin()" classname="calculateDistanceTest" time="0.0"/>
  <testcase name="testOrderedSingleChoiceDistance()" classname="calculateDistanceTest" time="0.0"/>
  <system-out><![CDATA[]]></system-out>
  <system-err><![CDATA[]]></system-err>
</testsuite>
