<?xml version="1.0" encoding="UTF-8"?>
<testsuite name="WordEmbeddingsTest" tests="3" skipped="0" failures="0" errors="0" timestamp="2025-12-22T18:53:27" hostname="DESKTOP-NOPFBTG" time="0.003">
  <properties/>
  <testcase name="testGetEmbeddingEmptyText()" classname="WordEmbeddingsTest" time="0.001"/>
  <testcase name="testGetEmbeddingMultipleWords()" classname="WordEmbeddingsTest" time="0.001"/>
  <testcase name="testGetEmbedding()" classname="WordEmbeddingsTest" time="0.001"/>
  <system-out><![CDATA[]]></system-out>
  <system-err><![CDATA[]]></system-err>
</testsuite>
