<?xml version="1.0" encoding="UTF-8"?>
<testsuite name="SurveyTest" tests="3" skipped="0" failures="0" errors="0" timestamp="2025-11-17T20:23:11" hostname="vant-moove15" time="0.003">
  <properties/>
  <testcase name="testIntToObjectEmpty()" classname="SurveyTest" time="0.0"/>
  <testcase name="testIntToObjectNormal()" classname="SurveyTest" time="0.0"/>
  <testcase name="testConstructor()" classname="SurveyTest" time="0.001"/>
  <system-out><![CDATA[]]></system-out>
  <system-err><![CDATA[]]></system-err>
</testsuite>
