<?xml version="1.0" encoding="UTF-8"?>
<testsuite name="QuestionTest" tests="18" skipped="0" failures="0" errors="0" timestamp="2025-11-17T20:23:11" hostname="vant-moove15" time="0.024">
  <properties/>
  <testcase name="testFreeNumberValidInteger()" classname="QuestionTest" time="0.001"/>
  <testcase name="testFreeNumberValidDouble()" classname="QuestionTest" time="0.001"/>
  <testcase name="testMultipleChoiceValid()" classname="QuestionTest" time="0.001"/>
  <testcase name="testSingleChoiceOrderedInvalidType()" classname="QuestionTest" time="0.001"/>
  <testcase name="testFreeNumberInvalidString()" classname="QuestionTest" time="0.001"/>
  <testcase name="testFreeTextNullInvalid()" classname="QuestionTest" time="0.001"/>
  <testcase name="testFreeNumberNull()" classname="QuestionTest" time="0.0"/>
  <testcase name="testSingleChoiceUnorderedValidOption()" classname="QuestionTest" time="0.0"/>
  <testcase name="testMultipleChoiceIndexOutOfRange()" classname="QuestionTest" time="0.001"/>
  <testcase name="testMultipleChoiceInvalidType()" classname="QuestionTest" time="0.001"/>
  <testcase name="testFreeTextIntegerValid()" classname="QuestionTest" time="0.001"/>
  <testcase name="testFreeTextShortTextValid()" classname="QuestionTest" time="0.0"/>
  <testcase name="testSingleChoiceOrderedValidIndex()" classname="QuestionTest" time="0.0"/>
  <testcase name="testMultipleChoiceTooManyAnswers()" classname="QuestionTest" time="0.001"/>
  <testcase name="testSingleChoiceOrderedNegativeIndex()" classname="QuestionTest" time="0.0"/>
  <testcase name="testSingleChoiceUnorderedInvalidType()" classname="QuestionTest" time="0.0"/>
  <testcase name="testSingleChoiceOrderedIndexTooLarge()" classname="QuestionTest" time="0.0"/>
  <testcase name="testSingleChoiceUnorderedInvalidOption()" classname="QuestionTest" time="0.0"/>
  <system-out><![CDATA[]]></system-out>
  <system-err><![CDATA[]]></system-err>
</testsuite>
