<?xml version="1.0" encoding="UTF-8"?>
<testsuite name="AppTest" tests="12" skipped="0" failures="0" errors="0" timestamp="2025-11-17T20:23:11" hostname="vant-moove15" time="0.067">
  <properties/>
  <testcase name="testBasicAppFlow()" classname="AppTest" time="0.009"/>
  <testcase name="testInitializeApp()" classname="AppTest" time="0.02"/>
  <testcase name="testInteractWithUserManagementValidOption()" classname="AppTest" time="0.006"/>
  <testcase name="testDisplaySurveyListWithSurveys()" classname="AppTest" time="0.001"/>
  <testcase name="testInteractWithUserManagementInvalidOption()" classname="AppTest" time="0.002"/>
  <testcase name="testShowMenuSurveyManagement()" classname="AppTest" time="0.002"/>
  <testcase name="testSelectSurveyValid()" classname="AppTest" time="0.003"/>
  <testcase name="testAppConstructor()" classname="AppTest" time="0.001"/>
  <testcase name="testShowMenu()" classname="AppTest" time="0.0"/>
  <testcase name="testSelectSurveyEmptyList()" classname="AppTest" time="0.001"/>
  <testcase name="testDisplaySurveyListEmpty()" classname="AppTest" time="0.002"/>
  <testcase name="testSurveyDeletionExistingSurvey()" classname="AppTest" time="0.005"/>
  <system-out><![CDATA[]]></system-out>
  <system-err><![CDATA[]]></system-err>
</testsuite>
