<?xml version="1.0" encoding="UTF-8"?>
<testsuite name="AuxiliarMethodsTest" tests="25" skipped="0" failures="0" errors="0" timestamp="2025-11-17T20:23:11" hostname="vant-moove15" time="0.039">
  <properties/>
  <testcase name="calculateMinVectorNonNumericValue()" classname="AuxiliarMethodsTest" time="0.001"/>
  <testcase name="calculateAverageEmptyList()" classname="AuxiliarMethodsTest" time="0.0"/>
  <testcase name="calculateMaxVectorMultipleValues()" classname="AuxiliarMethodsTest" time="0.001"/>
  <testcase name="calculateMaxVectorAllEquals()" classname="AuxiliarMethodsTest" time="0.001"/>
  <testcase name="calculateAverageWithNullElements()" classname="AuxiliarMethodsTest" time="0.0"/>
  <testcase name="test95thPercentileOrderedList()" classname="AuxiliarMethodsTest" time="0.001"/>
  <testcase name="calculateModeAllValuesEqual()" classname="AuxiliarMethodsTest" time="0.001"/>
  <testcase name="test95thPercentileAllNullsList()" classname="AuxiliarMethodsTest" time="0.0"/>
  <testcase name="calculateModeMultipleOptions()" classname="AuxiliarMethodsTest" time="0.001"/>
  <testcase name="calculateModeEmptyList()" classname="AuxiliarMethodsTest" time="0.0"/>
  <testcase name="test95thPercentileUnorderedList()" classname="AuxiliarMethodsTest" time="0.001"/>
  <testcase name="calculateAverageOneValue()" classname="AuxiliarMethodsTest" time="0.002"/>
  <testcase name="calculateModeNormal()" classname="AuxiliarMethodsTest" time="0.001"/>
  <testcase name="calculateModeWithNullElements()" classname="AuxiliarMethodsTest" time="0.001"/>
  <testcase name="calculateMinVectorNormal()" classname="AuxiliarMethodsTest" time="0.0"/>
  <testcase name="calculateAverageNegativeValues()" classname="AuxiliarMethodsTest" time="0.001"/>
  <testcase name="test95thPercentileNullValuesList()" classname="AuxiliarMethodsTest" time="0.001"/>
  <testcase name="test95thPercentileSingleValueList()" classname="AuxiliarMethodsTest" time="0.0"/>
  <testcase name="calculateModeAllValuesDifferent()" classname="AuxiliarMethodsTest" time="0.001"/>
  <testcase name="calculateAverageNormal()" classname="AuxiliarMethodsTest" time="0.001"/>
  <testcase name="test95thPercentileRepeatedValuesList()" classname="AuxiliarMethodsTest" time="0.001"/>
  <testcase name="calculateMinVectorMultipleValues()" classname="AuxiliarMethodsTest" time="0.0"/>
  <testcase name="calculateMaxVectorNormal()" classname="AuxiliarMethodsTest" time="0.0"/>
  <testcase name="calculateMinVectorAllEquals()" classname="AuxiliarMethodsTest" time="0.001"/>
  <testcase name="calculateMaxVectorNonNumericValue()" classname="AuxiliarMethodsTest" time="0.001"/>
  <system-out><![CDATA[]]></system-out>
  <system-err><![CDATA[]]></system-err>
</testsuite>
